C:\WINDOWS\MICROSOFT.NET\FRAMEWORK\V2.0.50727\MSCORWKS.DLL
C:\WINDOWS\MICROSOFT.NET\FRAMEWORK\V4.0.30319\CLR.DLL
D:\Projects\Workspace\RadarMapCreator\Geocoding\Release\cl.command.1.tlog
D:\Projects\Workspace\RadarMapCreator\Geocoding\Release\CL.read.1.tlog
D:\Projects\Workspace\RadarMapCreator\Geocoding\Release\CL.write.1.tlog
D:\PROJECTS\WORKSPACE\RADARMAPCREATOR\GEOCODING\RELEASE\GEOCODER.OBJ
D:\PROJECTS\WORKSPACE\RADARMAPCREATOR\GEOCODING\RELEASE\GEOCODING.EXE.INTERMEDIATE.MANIFEST
D:\PROJECTS\WORKSPACE\RADARMAPCREATOR\GEOCODING\RELEASE\GEOCODING.OBJ
D:\PROJECTS\WORKSPACE\RADARMAPCREATOR\GEOCODING\RELEASE\GEOCODING.PCH
D:\Projects\Workspace\RadarMapCreator\Geocoding\Release\Geocoding.write.1.tlog
D:\PROJECTS\WORKSPACE\RADARMAPCREATOR\GEOCODING\RELEASE\GEOCONVERTER.OBJ
D:\Projects\Workspace\RadarMapCreator\Geocoding\Release\link.command.1.tlog
D:\Projects\Workspace\RadarMapCreator\Geocoding\Release\link.read.1.tlog
D:\Projects\Workspace\RadarMapCreator\Geocoding\Release\link.write.1.tlog
D:\PROJECTS\WORKSPACE\RADARMAPCREATOR\GEOCODING\RELEASE\MATHUTILS.OBJ
D:\Projects\Workspace\RadarMapCreator\Geocoding\Release\mt.command.1.tlog
D:\Projects\Workspace\RadarMapCreator\Geocoding\Release\mt.read.1.tlog
D:\Projects\Workspace\RadarMapCreator\Geocoding\Release\mt.write.1.tlog
D:\PROJECTS\WORKSPACE\RADARMAPCREATOR\GEOCODING\RELEASE\RADARIMAGE.OBJ
D:\PROJECTS\WORKSPACE\RADARMAPCREATOR\GEOCODING\RELEASE\RANGEDOPPLERMODEL.OBJ
D:\PROJECTS\WORKSPACE\RADARMAPCREATOR\GEOCODING\RELEASE\SARSCAPEHEADER.OBJ
D:\PROJECTS\WORKSPACE\RADARMAPCREATOR\GEOCODING\RELEASE\STDAFX.OBJ
D:\PROJECTS\WORKSPACE\RADARMAPCREATOR\GEOCODING\RELEASE\VC100.PDB
D:\PROJECTS\WORKSPACE\RADARMAPCREATOR\RELEASE\GEOCODING.EXE
D:\Projects\Workspace\RadarMapCreator\Release\Geocoding.exp
D:\Projects\Workspace\RadarMapCreator\Release\Geocoding.lib
D:\PROJECTS\WORKSPACE\RADARMAPCREATOR\RELEASE\GEOCODING.PDB
D:\WORKSPACE\RADARMAPCREATOR\GEOCODING\RELEASE\GEOCODER.OBJ
D:\WORKSPACE\RADARMAPCREATOR\GEOCODING\RELEASE\GEOCODING.EXE.INTERMEDIATE.MANIFEST
D:\WORKSPACE\RADARMAPCREATOR\GEOCODING\RELEASE\GEOCODING.OBJ
D:\WORKSPACE\RADARMAPCREATOR\GEOCODING\RELEASE\GEOCODING.PCH
D:\WORKSPACE\RADARMAPCREATOR\GEOCODING\RELEASE\GEOCONVERTER.OBJ
D:\WORKSPACE\RADARMAPCREATOR\GEOCODING\RELEASE\MATHUTILS.OBJ
D:\WORKSPACE\RADARMAPCREATOR\GEOCODING\RELEASE\RADARIMAGE.OBJ
D:\WORKSPACE\RADARMAPCREATOR\GEOCODING\RELEASE\RANGEDOPPLERMODEL.OBJ
D:\WORKSPACE\RADARMAPCREATOR\GEOCODING\RELEASE\SARSCAPEHEADER.OBJ
D:\WORKSPACE\RADARMAPCREATOR\GEOCODING\RELEASE\STDAFX.OBJ
D:\WORKSPACE\RADARMAPCREATOR\GEOCODING\RELEASE\VC100.PDB
D:\WORKSPACE\RADARMAPCREATOR\RELEASE\GEOCODING.EXE
D:\Workspace\RadarMapCreator\Release\Geocoding.exp
D:\Workspace\RadarMapCreator\Release\Geocoding.lib
D:\WORKSPACE\RADARMAPCREATOR\RELEASE\GEOCODING.PDB
